#! /c/Source/iverilog-install/bin/vvp
:ivl_version "12.0 (devel)" "(s20150603-1539-g2693dd32b)";
:ivl_delay_selection "TYPICAL";
:vpi_time_precision - 12;
:vpi_module "C:\iverilog\lib\ivl\system.vpi";
:vpi_module "C:\iverilog\lib\ivl\vhdl_sys.vpi";
:vpi_module "C:\iverilog\lib\ivl\vhdl_textio.vpi";
:vpi_module "C:\iverilog\lib\ivl\v2005_math.vpi";
:vpi_module "C:\iverilog\lib\ivl\va_math.vpi";
S_000001c9d1ae67e0 .scope module, "spi" "spi" 2 3;
 .timescale -9 -12;
    .port_info 0 /INPUT 1 "clk";
    .port_info 1 /INPUT 1 "start";
    .port_info 2 /INPUT 12 "din";
    .port_info 3 /OUTPUT 1 "cs";
    .port_info 4 /OUTPUT 1 "mosi";
    .port_info 5 /OUTPUT 1 "done";
    .port_info 6 /OUTPUT 1 "sclk";
P_000001c9d1ae6970 .param/l "end_tx" 0 2 26, +C4<00000000000000000000000000000011>;
P_000001c9d1ae69a8 .param/l "idle" 0 2 26, +C4<00000000000000000000000000000000>;
P_000001c9d1ae69e0 .param/l "send" 0 2 26, +C4<00000000000000000000000000000010>;
P_000001c9d1ae6a18 .param/l "start_tx" 0 2 26, +C4<00000000000000000000000000000001>;
v000001c9d1ae6a60_0 .var/i "bitcount", 31 0;
o000001c9d1b3bfb8 .functor BUFZ 1, C4<z>; HiZ drive
v000001c9d1aebcb0_0 .net "clk", 0 0, o000001c9d1b3bfb8;  0 drivers
v000001c9d1aebd50_0 .var/i "count", 31 0;
v000001c9d1aebdf0_0 .var "cs", 0 0;
o000001c9d1b3c048 .functor BUFZ 12, C4<zzzzzzzzzzzz>; HiZ drive
v000001c9d1aebe90_0 .net "din", 11 0, o000001c9d1b3c048;  0 drivers
v000001c9d1b33aa0_0 .var "done", 0 0;
v000001c9d1b33b40_0 .var "mosi", 0 0;
v000001c9d1b33be0_0 .var "sclk", 0 0;
o000001c9d1b3c108 .functor BUFZ 1, C4<z>; HiZ drive
v000001c9d1b33c80_0 .net "start", 0 0, o000001c9d1b3c108;  0 drivers
v000001c9d1b33d20_0 .var "state", 1 0;
v000001c9d1b33dc0_0 .var "temp", 11 0;
E_000001c9d1b25af0 .event posedge, v000001c9d1b33be0_0;
E_000001c9d1b25df0 .event posedge, v000001c9d1aebcb0_0;
    .scope S_000001c9d1ae67e0;
T_0 ;
    %pushi/vec4 0, 0, 32;
    %store/vec4 v000001c9d1aebd50_0, 0, 32;
    %pushi/vec4 0, 0, 2;
    %store/vec4 v000001c9d1b33d20_0, 0, 2;
    %pushi/vec4 0, 0, 32;
    %store/vec4 v000001c9d1ae6a60_0, 0, 32;
    %end;
    .thread T_0;
    .scope S_000001c9d1ae67e0;
T_1 ;
    %wait E_000001c9d1b25df0;
    %load/vec4 v000001c9d1aebd50_0;
    %cmpi/s 10, 0, 32;
    %jmp/0xz  T_1.0, 5;
    %load/vec4 v000001c9d1aebd50_0;
    %addi 1, 0, 32;
    %assign/vec4 v000001c9d1aebd50_0, 0;
    %jmp T_1.1;
T_1.0 ;
    %pushi/vec4 0, 0, 32;
    %assign/vec4 v000001c9d1aebd50_0, 0;
    %load/vec4 v000001c9d1b33be0_0;
    %inv;
    %assign/vec4 v000001c9d1b33be0_0, 0;
T_1.1 ;
    %jmp T_1;
    .thread T_1;
    .scope S_000001c9d1ae67e0;
T_2 ;
    %wait E_000001c9d1b25af0;
    %load/vec4 v000001c9d1b33d20_0;
    %dup/vec4;
    %pushi/vec4 0, 0, 2;
    %cmp/u;
    %jmp/1 T_2.0, 6;
    %dup/vec4;
    %pushi/vec4 1, 0, 2;
    %cmp/u;
    %jmp/1 T_2.1, 6;
    %dup/vec4;
    %pushi/vec4 2, 0, 2;
    %cmp/u;
    %jmp/1 T_2.2, 6;
    %dup/vec4;
    %pushi/vec4 3, 0, 2;
    %cmp/u;
    %jmp/1 T_2.3, 6;
    %pushi/vec4 0, 0, 2;
    %assign/vec4 v000001c9d1b33d20_0, 0;
    %jmp T_2.5;
T_2.0 ;
    %pushi/vec4 0, 0, 1;
    %assign/vec4 v000001c9d1b33b40_0, 0;
    %pushi/vec4 1, 0, 1;
    %assign/vec4 v000001c9d1aebdf0_0, 0;
    %pushi/vec4 0, 0, 1;
    %assign/vec4 v000001c9d1b33aa0_0, 0;
    %load/vec4 v000001c9d1b33c80_0;
    %flag_set/vec4 8;
    %jmp/0xz  T_2.6, 8;
    %pushi/vec4 1, 0, 2;
    %assign/vec4 v000001c9d1b33d20_0, 0;
    %jmp T_2.7;
T_2.6 ;
    %pushi/vec4 0, 0, 2;
    %assign/vec4 v000001c9d1b33d20_0, 0;
T_2.7 ;
    %jmp T_2.5;
T_2.1 ;
    %pushi/vec4 0, 0, 1;
    %assign/vec4 v000001c9d1aebdf0_0, 0;
    %load/vec4 v000001c9d1aebe90_0;
    %assign/vec4 v000001c9d1b33dc0_0, 0;
    %pushi/vec4 0, 0, 32;
    %assign/vec4 v000001c9d1ae6a60_0, 0;
    %pushi/vec4 2, 0, 2;
    %assign/vec4 v000001c9d1b33d20_0, 0;
    %jmp T_2.5;
T_2.2 ;
    %load/vec4 v000001c9d1ae6a60_0;
    %cmpi/s 12, 0, 32;
    %jmp/0xz  T_2.8, 5;
    %load/vec4 v000001c9d1b33dc0_0;
    %pushi/vec4 11, 0, 32;
    %load/vec4 v000001c9d1ae6a60_0;
    %sub;
    %part/s 1;
    %assign/vec4 v000001c9d1b33b40_0, 0;
    %load/vec4 v000001c9d1ae6a60_0;
    %addi 1, 0, 32;
    %assign/vec4 v000001c9d1ae6a60_0, 0;
    %pushi/vec4 2, 0, 2;
    %assign/vec4 v000001c9d1b33d20_0, 0;
    %jmp T_2.9;
T_2.8 ;
    %pushi/vec4 0, 0, 32;
    %assign/vec4 v000001c9d1ae6a60_0, 0;
    %pushi/vec4 3, 0, 2;
    %assign/vec4 v000001c9d1b33d20_0, 0;
    %pushi/vec4 0, 0, 1;
    %assign/vec4 v000001c9d1b33b40_0, 0;
T_2.9 ;
    %jmp T_2.5;
T_2.3 ;
    %pushi/vec4 1, 0, 1;
    %assign/vec4 v000001c9d1aebdf0_0, 0;
    %pushi/vec4 0, 0, 2;
    %assign/vec4 v000001c9d1b33d20_0, 0;
    %pushi/vec4 1, 0, 1;
    %assign/vec4 v000001c9d1b33aa0_0, 0;
    %jmp T_2.5;
T_2.5 ;
    %pop/vec4 1;
    %jmp T_2;
    .thread T_2;
# The file index is used to find the file name in the following table.
:file_names 3;
    "N/A";
    "<interactive>";
    "spi.v";
